<?xml version="1.0" encoding="UTF-8"?>
<testng-results skipped="0" failed="0" ignored="0" total="1" passed="1">
  <reporter-output>
  </reporter-output>
  <suite name="Default suite" duration-ms="44672" started-at="2020-07-08T01:24:04 IST" finished-at="2020-07-08T01:24:49 IST">
    <groups>
    </groups>
    <test name="Default test" duration-ms="44672" started-at="2020-07-08T01:24:04 IST" finished-at="2020-07-08T01:24:49 IST">
      <class name="testcase.StatusTest">
        <test-method status="PASS" signature="initializer()[pri:0, instance:testcase.StatusTest@2898ac89]" name="initializer" is-config="true" duration-ms="14015" started-at="2020-07-08T01:24:04 IST" finished-at="2020-07-08T01:24:18 IST">
          <reporter-output>
          </reporter-output>
        </test-method> <!-- initializer -->
        <test-method status="PASS" signature="getData()[pri:0, instance:testcase.StatusTest@2898ac89]" name="getData" duration-ms="28437" started-at="2020-07-08T01:24:19 IST" finished-at="2020-07-08T01:24:47 IST">
          <reporter-output>
          </reporter-output>
        </test-method> <!-- getData -->
        <test-method status="PASS" signature="tearDown()[pri:0, instance:testcase.StatusTest@2898ac89]" name="tearDown" is-config="true" duration-ms="2154" started-at="2020-07-08T01:24:47 IST" finished-at="2020-07-08T01:24:49 IST">
          <reporter-output>
          </reporter-output>
        </test-method> <!-- tearDown -->
      </class> <!-- testcase.StatusTest -->
    </test> <!-- Default test -->
  </suite> <!-- Default suite -->
</testng-results>
